2018-01-24 14:23:13,168 - com.inmate.kiosk.Kiosk -INFO - Logged in Success
2018-01-24 14:23:16,753 - com.inmate.kiosk.Kiosk -INFO - Logged in Success
2018-01-24 14:24:10,760 - com.inmate.kiosk.Kiosk -INFO - Logged in Success
2018-01-24 14:29:24,551 - com.inmate.kiosk.Kiosk -INFO - Logged in Success
2018-01-24 14:30:45,000 - com.inmate.kiosk.Kiosk -INFO - Logged in Success
2018-01-24 16:28:39,372 - com.inmate.kiosk.Kiosk -INFO - Logged in Success
2018-01-24 16:29:53,648 - com.inmate.kiosk.Kiosk -INFO - Logged in Success
2018-01-24 16:31:25,213 - com.inmate.kiosk.Kiosk -INFO - Logged in Success
2018-01-24 16:47:59,825 - com.inmate.kiosk.Kiosk -INFO - Logged in Success
2018-01-24 16:56:45,279 - com.inmate.kiosk.Kiosk -INFO - Logged in Success
2018-01-24 17:04:39,850 - com.inmate.kiosk.Kiosk -INFO - Logged in Success
2018-01-24 17:06:44,485 - com.inmate.kiosk.Kiosk -INFO - Logged in Success
2018-01-24 17:25:57,576 - com.inmate.kiosk.Kiosk -INFO - Logged in Success
2018-01-24 17:28:43,784 - com.inmate.kiosk.Kiosk -INFO - Logged in Success
2018-01-24 17:31:17,572 - com.inmate.kiosk.Kiosk -INFO - Logged in Success
2018-01-24 17:32:50,160 - com.inmate.kiosk.Kiosk -INFO - Logged in Success
2018-01-25 14:14:39,914 - com.inmate.kiosk.Kiosk -INFO - Logged in Success
2018-01-25 14:15:23,617 - com.inmate.kiosk.Kiosk -INFO - Logged in Success
2018-01-25 14:27:21,515 - com.inmate.kiosk.Kiosk -INFO - Logged in Success
2018-01-25 14:33:06,293 - com.inmate.kiosk.Kiosk -INFO - Logged in Success
2018-01-25 14:37:13,192 - com.inmate.kiosk.Kiosk -INFO - Logged in Success
2018-01-25 14:38:26,222 - com.inmate.kiosk.Kiosk -INFO - Logged in Success
2018-01-25 14:58:05,637 - com.inmate.kiosk.Kiosk -INFO - Logged in Success
2018-01-25 15:02:54,309 - com.inmate.kiosk.Kiosk -INFO - Logged in Success
2018-01-25 15:07:22,102 - com.inmate.kiosk.Kiosk -INFO - Logged in Success
2018-01-25 17:21:28,539 - NewRun.Kiosk -INFO - Logged in Success
2018-01-25 17:33:42,517 - NewRun.Kiosk -INFO - Logged in Success
2018-01-29 10:52:55,916 - RunKioskPublicDefStaff.Kiosk -INFO - Logged in Success
2018-01-29 10:58:57,761 - RunKioskPublicDefStaff.Kiosk -INFO - Logged in Success
2018-01-29 11:06:55,215 - RunKioskPublicDefStaff.Kiosk -INFO - Logged in Success
2018-01-29 11:30:00,065 - RunKioskPublicDefStaff.Kiosk -INFO - Logged in Success
2018-01-29 11:32:37,730 - RunKioskPublicDefStaff.Kiosk -INFO - Logged in Success
2018-01-29 11:45:52,475 - RunKioskPublicDefStaff.Kiosk -INFO - Logged in Success
2018-01-29 11:52:41,166 - RunKioskPublicDefStaff.Kiosk -INFO - Logged in Success
2018-01-29 12:00:40,048 - RunKioskPublicDefStaff.Kiosk -INFO - Logged in Success
2018-01-29 12:02:04,134 - RunKioskPublicDefStaff.Kiosk -INFO - Logged in Success
2018-01-29 12:04:05,633 - RunKioskPublicDefStaff.Kiosk -INFO - Logged in Success
2018-01-29 12:04:56,238 - RunKioskPublicDefStaff.Kiosk -INFO - Logged in Success
2018-01-29 12:08:27,182 - RunKioskPublicDefStaff.Kiosk -INFO - Logged in Success
2018-01-29 12:23:15,790 - RunKioskPublicDefStaff.Kiosk -INFO - Logged in Success
2018-01-29 12:24:26,760 - RunKioskPublicDefStaff.Kiosk -INFO - Logged in Success
2018-01-29 12:25:19,966 - RunKioskPublicDefStaff.Kiosk -INFO - Logged in Success
2018-01-29 14:15:18,084 - RunKioskPubAdmin.Kiosk -INFO - Logged in Success
2018-01-29 16:58:50,426 - RunKioskPubAdmin.Kiosk -INFO - Logged in Success
2018-01-29 17:16:55,622 - RunKioskFacilityAdmin.Kiosk -INFO - Logged in Success
2018-01-30 10:44:37,976 - Run_KioskFacilityAdmin.Kiosk -INFO - Logged in Success
2018-01-30 11:22:15,864 - Run_KioskFacilityAdmin.Kiosk3 -INFO - Logged in Success
2018-01-30 11:27:02,713 - Run_KioskFacilityAdmin.Kiosk3 -INFO - Logged in Success
2018-01-30 11:28:24,972 - Run_KioskFacilityAdmin.Kiosk3 -INFO - Logged in Success
2018-01-30 11:48:25,894 - Run_KioskFacilityAdmin.Kiosk3 -INFO - Logged in Success
2018-01-30 12:22:55,009 - Run_KioskFacilityAdmin.Kiosk3 -INFO - Logged in Success
2018-01-30 12:24:50,666 - Run_KioskFacilityAdmin.Kiosk3 -INFO - Logged in Success
2018-01-30 12:26:14,983 - Run_KioskFacilityAdmin.Kiosk3 -INFO - Logged in Success
2018-01-30 12:28:46,053 - Run_KioskFacilityAdmin.Kiosk3 -INFO - Logged in Success
2018-01-30 12:30:16,544 - Run_KioskFacilityAdmin.Kiosk3 -INFO - Logged in Success
2018-01-30 12:33:37,338 - Run_KioskFacilityAdmin.Kiosk3 -INFO - Logged in Success
2018-01-30 12:36:13,427 - Run_KioskFacilityAdmin.Kiosk3 -INFO - Logged in Success
2018-01-30 12:38:24,069 - Run_KioskFacilityAdmin.Kiosk3 -INFO - Logged in Success
2018-01-30 12:44:22,190 - Run_KioskFacilityAdmin.Kiosk3 -INFO - Logged in Success
2018-01-30 12:47:07,382 - Run_KioskFacilityAdmin.Kiosk3 -INFO - Logged in Success
2018-01-30 12:49:53,604 - Run_KioskFacilityAdmin.Kiosk3 -INFO - Logged in Success
2018-01-30 12:51:53,871 - Run_KioskFacilityAdmin.Kiosk3 -INFO - Logged in Success
2018-01-30 12:53:12,988 - Run_KioskFacilityAdmin.Kiosk3 -INFO - Logged in Success
2018-01-30 12:57:04,258 - Run_KioskFacilityAdmin.Kiosk3 -INFO - Logged in Success
2018-01-30 12:58:44,015 - Run_KioskFacilityAdmin.Kiosk3 -INFO - Logged in Success
2018-01-30 13:02:01,717 - Run_KioskFacilityAdmin.Kiosk3 -INFO - Logged in Success
2018-01-30 14:04:53,583 - Run_KioskFacilityAdmin.Kiosk3 -INFO - Logged in Success
2018-01-30 14:06:21,351 - Run_KioskFacilityAdmin.Kiosk3 -INFO - Logged in Success
2018-01-30 14:07:18,005 - Run_KioskFacilityAdmin.Kiosk3 -INFO - Logged in Success
2018-01-30 14:16:34,050 - Run_KioskFacilityAdmin.Kiosk3 -INFO - Logged in Success
2018-01-30 14:20:12,508 - Run_KioskFacilityAdmin.Kiosk3 -INFO - Logged in Success
2018-01-30 14:23:27,349 - Run_KioskFacilityAdmin.Kiosk3 -INFO - Logged in Success
2018-01-30 14:44:33,893 - RunKioskFacilityAdminf1.Kiosk2 -INFO - Logged in Success
2018-01-30 14:52:43,150 - RunKioskFacilityAdminf1.Kiosk2 -INFO - Logged in Success
2018-01-30 14:56:05,339 - RunKioskFacilityAdminf1.Kiosk2 -INFO - Logged in Success
2018-01-30 14:57:25,725 - RunKioskFacilityAdminf1.Kiosk2 -INFO - Logged in Success
2018-01-30 14:58:16,570 - RunKioskFacilityAdminf1.Kiosk2 -INFO - Logged in Success
2018-01-30 15:00:48,514 - RunKioskFacilityAdminf1.Kiosk2 -INFO - Logged in Success
2018-01-30 15:02:49,557 - RunKioskFacilityAdminf1.Kiosk2 -INFO - Logged in Success
2018-01-30 15:08:01,070 - RunKioskFacilityAdminf1.Kiosk2 -INFO - Logged in Success
2018-01-30 15:09:22,470 - RunKioskFacilityAdminf1.Kiosk2 -INFO - Logged in Success
2018-01-30 15:13:51,096 - RunKioskFacilityAdminf1.Kiosk2 -INFO - Logged in Success
2018-01-30 15:16:46,703 - RunKioskFacilityAdminf1.Kiosk2 -INFO - Logged in Success
2018-01-30 15:49:48,790 - RunKioskFacilityAdminf1.Kiosk2 -INFO - Logged in Success
2018-01-30 15:53:59,994 - RunKioskFacilityAdminf1.Kiosk2 -INFO - Logged in Success
2018-01-30 16:05:29,030 - RunKioskFacilityAdminf1.Kiosk2 -INFO - Logged in Success
2018-01-30 16:07:39,986 - RunKioskFacilityAdminf1.Kiosk2 -INFO - Logged in Success
2018-01-30 16:09:14,550 - RunKioskFacilityAdminf1.Kiosk2 -INFO - Logged in Success
2018-01-30 16:32:40,364 - RunKioskFacilityAdminf1.Kiosk2 -INFO - Logged in Success
2018-01-31 10:26:09,179 - RunKioskFacilityAdminf1.Kiosk2 -INFO - Logged in Success
2018-01-31 10:28:58,560 - RunKioskFacilityAdminf1.Kiosk2 -INFO - Logged in Success
2018-01-31 10:30:07,372 - RunKioskFacilityAdminf1.Kiosk2 -INFO - Logged in Success
2018-01-31 10:35:19,691 - RunKioskFacilityAdminf1.Kiosk2 -INFO - Logged in Success
2018-01-31 10:36:30,538 - RunKioskFacilityAdminf1.Kiosk2 -INFO - Logged in Success
2018-01-31 10:37:43,075 - RunKioskFacilityAdminf1.Kiosk2 -INFO - Logged in Success
2018-01-31 10:41:42,976 - RunKioskFacilityAdminf1.Kiosk2 -INFO - Logged in Success
2018-01-31 10:45:58,705 - RunKioskFacilityAdminf1.Kiosk2 -INFO - Logged in Success
2018-01-31 10:54:27,935 - RunKioskFacilityAdminf1.Kiosk2 -INFO - Logged in Success
2018-01-31 11:06:00,367 - RunKioskFacilityAdminf1.Kiosk2 -INFO - Logged in Success
2018-01-31 11:09:01,961 - RunKioskFacilityAdminf1.Kiosk2 -INFO - Logged in Success
2018-01-31 11:21:18,404 - RunKioskFacilityAdminf1.Kiosk2 -INFO - Logged in Success
2018-01-31 11:22:47,682 - RunKioskFacilityAdminf1.Kiosk2 -INFO - Logged in Success
2018-01-31 11:27:32,920 - RunKioskFacilityAdminf1.Kiosk2 -INFO - Logged in Success
2018-01-31 11:28:10,258 - RunKioskFacilityAdminf1.Kiosk2 -INFO - Logged in Success
2018-01-31 11:28:37,712 - RunKioskFacilityAdminf1.Kiosk2 -INFO - Logged in Success
2018-01-31 11:29:36,920 - RunKioskFacilityAdminf1.Kiosk2 -INFO - Logged in Success
2018-01-31 11:31:26,647 - RunKioskFacilityAdminf1.Kiosk2 -INFO - Logged in Success
2018-01-31 11:33:48,852 - RunKioskFacilityAdminf1.Kiosk2 -INFO - Logged in Success
2018-01-31 11:35:55,124 - RunKioskFacilityAdminf1.Kiosk2 -INFO - Logged in Success
2018-01-31 11:42:00,726 - RunKioskFacilityAdminf1.Kiosk2 -INFO - Logged in Success
2018-01-31 11:45:18,357 - RunKioskFacilityAdminf1.Kiosk2 -INFO - Logged in Success
2018-01-31 12:00:01,304 - RunKioskFacilityAdminf1.Kiosk2 -INFO - Logged in Success
2018-01-31 12:01:22,609 - RunKioskFacilityAdminf1.Kiosk2 -INFO - Logged in Success
2018-01-31 12:03:09,045 - RunKioskFacilityAdminf1.Kiosk2 -INFO - Logged in Success
2018-01-31 12:05:53,782 - RunKioskFacilityAdminf1.Kiosk2 -INFO - Logged in Success
2018-01-31 12:06:52,753 - RunKioskFacilityAdminf1.Kiosk2 -INFO - Logged in Success
2018-01-31 12:08:37,067 - RunKioskFacilityAdminf1.Kiosk2 -INFO - Logged in Success
2018-01-31 12:10:02,019 - RunKioskFacilityAdminf1.Kiosk2 -INFO - Logged in Success
2018-01-31 12:12:12,619 - RunKioskFacilityAdminf1.Kiosk2 -INFO - Logged in Success
2018-01-31 12:14:08,308 - RunKioskFacilityAdminf1.Kiosk2 -INFO - Logged in Success
2018-01-31 12:15:37,158 - RunKioskFacilityAdminf1.Kiosk2 -INFO - Logged in Success
2018-01-31 12:20:55,977 - RunKioskFacilityAdminf1.Kiosk2 -INFO - Logged in Success
2018-01-31 12:26:42,966 - RunKioskFacilityAdminf1.Kiosk2 -INFO - Logged in Success
2018-01-31 12:28:18,575 - RunKioskFacilityAdminf1.Kiosk2 -INFO - Logged in Success
2018-01-31 12:39:33,514 - RunKioskFacilityAdminf1.Kiosk2 -INFO - Logged in Success
2018-01-31 14:39:31,192 - RunPdFormKiosk.Kiosk4 -INFO - Logged in Success
2018-01-31 14:41:29,087 - RunPdFormKiosk.Kiosk4 -INFO - Logged in Success
2018-01-31 14:44:15,781 - RunPdFormKiosk.Kiosk4 -INFO - Logged in Success
2018-01-31 14:45:24,965 - RunPdFormKiosk.Kiosk4 -INFO - Logged in Success
2018-01-31 14:46:59,556 - RunPdFormKiosk.Kiosk4 -INFO - Logged in Success
2018-01-31 14:48:42,924 - RunPdFormKiosk.Kiosk4 -INFO - Logged in Success
2018-01-31 14:51:04,134 - RunPdFormKiosk.Kiosk4 -INFO - Logged in Success
2018-01-31 15:02:07,807 - RunPdFormKiosk.Kiosk4 -INFO - Logged in Success
2018-01-31 15:04:45,018 - RunPdFormKiosk.Kiosk4 -INFO - Logged in Success
2018-01-31 15:06:26,075 - RunPdFormKiosk.Kiosk4 -INFO - Logged in Success
2018-01-31 15:18:39,328 - RunPdFormKiosk.Kiosk4 -INFO - Logged in Success
2018-01-31 15:21:14,807 - RunPdFormKiosk.Kiosk4 -INFO - Logged in Success
2018-01-31 15:35:58,794 - RunPdFormKiosk.Kiosk4 -INFO - Logged in Success
2018-01-31 15:37:39,048 - RunPdFormKiosk.Kiosk4 -INFO - Logged in Success
2018-01-31 16:00:59,428 - RunPdFormKiosk.Kiosk4 -INFO - Logged in Success
2018-01-31 18:26:24,425 - RunPdFormsKiosk.Kiosk4 -INFO - Logged in Success
2018-01-31 18:26:24,425 - RunPdFormsKiosk.Kiosk4 -INFO - Logged in Success
2018-01-31 18:28:11,971 - RunPdFormsKiosk.Kiosk4 -INFO - Logged in Success
2018-01-31 18:30:56,022 - RunPdFormsKiosk.Kiosk4 -INFO - Logged in Success
2018-01-31 18:34:01,605 - RunPdFormsKiosk.Kiosk4 -INFO - Logged in Success
2018-02-01 10:24:54,392 - RunPdFormsKiosk.Kiosk4 -INFO - Logged in Success
2018-02-01 10:29:24,389 - RunPdFormsKiosk.Kiosk4 -INFO - Logged in Success
2018-02-01 10:30:28,561 - RunPdFormsKiosk.Kiosk4 -INFO - Logged in Success
2018-02-01 10:31:26,994 - RunPdFormsKiosk.Kiosk4 -INFO - Logged in Success
2018-02-01 10:32:57,731 - RunPdFormsKiosk.Kiosk4 -INFO - Logged in Success
2018-02-01 10:37:46,039 - RunPdFormsKiosk.Kiosk4 -INFO - Logged in Success
2018-02-01 10:39:45,518 - RunPdFormsKiosk.Kiosk4 -INFO - Logged in Success
2018-02-01 10:43:25,563 - RunPdFormsKiosk.Kiosk4 -INFO - Logged in Success
2018-02-01 10:45:39,386 - RunPdFormsKiosk.Kiosk4 -INFO - Logged in Success
2018-02-01 11:17:51,819 - Run_KioskFacilityAdmin.Kiosk3 -INFO - Logged in Success
2018-02-01 11:22:11,607 - RunKioskFacilityAdminf1.Kiosk2 -INFO - Logged in Success
2018-02-01 11:23:24,619 - RunKioskFacilityAdminf1.Kiosk2 -INFO - Logged in Success
2018-02-01 11:24:59,128 - RunKioskFacilityAdminf1.Kiosk2 -INFO - Logged in Success
2018-02-01 11:57:55,575 - RunKioskPublicDefStaff.Kiosk1 -INFO - Logged in Success
2018-02-01 12:01:59,688 - RunKioskPublicDefStaff.Kiosk1 -INFO - Logged in Success
2018-02-01 12:05:33,281 - RunKioskPublicDefStaff.Kiosk1 -INFO - Logged in Success
2018-02-01 12:15:35,607 - Run_KioskFacilityAdmin.Kiosk3 -INFO - Logged in Success
2018-02-01 12:24:05,372 - Run_KioskFacilityAdmin.Kiosk3 -INFO - Logged in Success
2018-02-01 13:02:43,840 - Run_KioskFacilityAdmin.Kiosk3 -INFO - Logged in Success
2018-02-01 14:13:58,113 - Run_KioskFacilityAdmin.Kiosk3 -INFO - Logged in Success
2018-02-01 14:14:32,161 - Run_KioskFacilityAdmin.Kiosk3 -INFO - Logged in Success
2018-02-01 14:26:10,495 - Run_KioskFacilityAdmin.Kiosk3 -INFO - Logged in Success
2018-02-01 14:27:57,747 - RunKioskFacilityAdminf1.Kiosk2 -INFO - Logged in Success
2018-02-01 14:28:52,652 - RunKioskFacilityAdminf1.Kiosk2 -INFO - Logged in Success
2018-02-01 14:36:33,911 - RunKioskPublicDefenderAdmin.Kiosk -INFO - Logged in Success
2018-02-01 14:42:05,025 - RunKioskPublicDefenderAdmin.Kiosk -INFO - Logged in Success
2018-02-01 14:45:32,040 - RunKioskPublicDefenderAdmin.Kiosk -INFO - Logged in Success
2018-02-01 14:53:08,149 - RunKioskPublicDefenderAdmin.Kiosk -INFO - Logged in Success
2018-02-01 14:58:56,782 - RunKioskPublicDefStaff.Kiosk1 -INFO - Logged in Success
2018-02-01 16:48:32,848 - RunKioskPublicDefenderAdmin.Kiosk -INFO - Logged in Success
2018-02-01 16:50:32,523 - RunKioskPublicDefenderAdmin.Kiosk -INFO - Logged in Success
2018-02-01 17:00:25,399 - RunKioskPublicDefenderAdmin.Kiosk -INFO - Logged in Success
2018-02-01 17:02:42,334 - RunKioskPublicDefenderAdmin.Kiosk -INFO - Logged in Success
2018-02-01 17:11:01,577 - RunKioskPublicDefenderAdmin.Kiosk -INFO - Logged in Success
2018-02-01 17:12:19,162 - RunKioskPublicDefenderAdmin.Kiosk -INFO - Logged in Success
2018-02-01 17:14:46,868 - RunKioskPublicDefenderAdmin.Kiosk -INFO - Logged in Success
2018-02-01 17:18:30,959 - RunKioskPublicDefenderAdmin.Kiosk -INFO - Logged in Success
2018-02-01 17:18:46,837 - RunKioskPublicDefenderAdmin.Kiosk -INFO - Logged in Success
2018-02-01 17:28:48,601 - RunKioskPublicDefenderAdmin.Kiosk -INFO - Logged in Success
2018-02-01 17:29:55,050 - RunKioskPublicDefenderAdmin.Kiosk -INFO - Logged in Success
2018-02-01 17:32:37,707 - RunKioskPublicDefenderAdmin.Kiosk -INFO - Logged in Success
2018-02-01 18:10:00,521 - RunKioskPublicDefenderAdmin.Kiosk -INFO - Logged in Success
2018-02-01 18:10:27,236 - RunKioskPublicDefenderAdmin.Kiosk -INFO - Logged in Success
2018-02-01 18:21:28,426 - RunKioskPublicDefenderAdmin.Kiosk -INFO - Logged in Success
2018-02-01 18:22:29,236 - RunKioskPublicDefenderAdmin.Kiosk -INFO - Logged in Success
2018-02-01 18:26:05,917 - RunKioskPublicDefenderAdmin.Kiosk -INFO - Logged in Success
2018-02-01 18:29:19,872 - RunKioskPublicDefenderAdmin.Kiosk -INFO - Logged in Success
2018-02-01 18:30:29,595 - RunKioskPublicDefenderAdmin.Kiosk -INFO - Logged in Success
2018-02-01 18:32:33,088 - RunKioskPublicDefenderAdmin.Kiosk -INFO - Logged in Success
2018-02-01 18:33:58,469 - RunKioskPublicDefenderAdmin.Kiosk -INFO - Logged in Success
2018-02-01 18:35:04,391 - RunKioskPublicDefenderAdmin.Kiosk -INFO - Logged in Success
2018-02-01 18:38:07,843 - RunKioskPublicDefenderAdmin.Kiosk -INFO - Logged in Success
2018-02-01 18:39:36,882 - RunKioskPublicDefenderAdmin.Kiosk -INFO - Logged in Success
2018-02-01 18:41:46,068 - RunKioskPublicDefenderAdmin.Kiosk -INFO - Logged in Success
2018-02-01 18:42:57,230 - RunKioskPublicDefenderAdmin.Kiosk -INFO - Logged in Success
2018-02-01 18:43:28,230 - RunKioskPublicDefenderAdmin.Kiosk -INFO - Logged in Success
2018-02-01 18:44:52,527 - RunKioskPublicDefenderAdmin.Kiosk -INFO - Logged in Success
2018-02-01 18:46:47,066 - RunKioskPublicDefenderAdmin.Kiosk -INFO - Logged in Success
2018-02-01 18:47:12,666 - RunKioskPublicDefenderAdmin.Kiosk -INFO - Logged in Success
2018-02-01 18:48:23,225 - RunKioskPublicDefenderAdmin.Kiosk -INFO - Logged in Success
2018-02-01 18:48:35,098 - RunKioskPublicDefenderAdmin.Kiosk -INFO - Logged in Success
2018-02-01 18:49:27,093 - RunKioskPublicDefenderAdmin.Kiosk -INFO - Logged in Success
2018-02-01 18:50:28,532 - RunKioskPublicDefenderAdmin.Kiosk -INFO - Logged in Success
2018-02-01 18:52:31,465 - RunKioskPublicDefStaff.Kiosk1 -INFO - Logged in Success
2018-02-01 19:00:01,620 - RunKioskPublicDefStaff.Kiosk1 -INFO - Logged in Success
2018-02-02 10:16:35,225 - RunKioskPublicDefenderAdmin.Kiosk -INFO - Logged in Success
2018-02-02 10:17:08,776 - RunKioskPublicDefenderAdmin.Kiosk -INFO - Logged in Success
2018-02-02 10:30:05,215 - RunKioskSendMessagePdAdmin.Kiosk -INFO - Logged in Success
2018-02-02 10:38:42,321 - RunKioskSendMessagePdAdmin2Kiosk.Kiosk -INFO - Logged in Success
2018-02-02 10:42:29,683 - RunKioskPublicDefenderAdmin.Kiosk -INFO - Logged in Success
2018-02-02 10:45:14,395 - RunKioskPublicDefenderAdmin.Kiosk -INFO - Logged in Success
2018-02-02 10:53:21,552 - RunKioskPublicDefenderAdmin.Kiosk -INFO - Logged in Success
2018-02-02 10:56:15,318 - RunKioskPublicDefenderAdmin.Kiosk -INFO - Logged in Success
2018-02-02 11:09:45,192 - RunKioskPublicDefenderAdmin.Kiosk -INFO - Logged in Success
2018-02-02 11:15:45,818 - RunKioskPublicDefenderAdmin.Kiosk -INFO - Logged in Success
2018-02-02 11:16:58,008 - RunKioskPublicDefenderAdmin.Kiosk -INFO - Logged in Success
2018-02-02 11:18:51,029 - RunKioskPublicDefenderAdmin.Kiosk -INFO - Logged in Success
2018-02-02 11:36:31,027 - RunKiosk2pdStaff.Kiosk1 -INFO - Logged in Success
2018-02-02 11:40:13,560 - RunKiosk2pdStaff.Kiosk1 -INFO - Logged in Success
2018-02-02 11:54:07,452 - RunKiosk2pdStaff.Kiosk1 -INFO - Logged in Success
2018-02-02 12:18:19,877 - RunKioskSendMessagePdAdmin2Kiosk.Kiosk -INFO - Logged in Success
2018-02-02 12:43:56,546 - RunKiosk2PdStaffPdForm.Kiosk -INFO - Logged in Success
2018-02-02 12:46:33,765 - RunKioskFacilityAdminf1.Kiosk2 -INFO - Logged in Success
2018-02-02 12:48:32,396 - Run_KioskFacilityAdmin.Kiosk3 -INFO - Logged in Success
2018-02-02 12:58:02,107 - Run_KioskFacilityAdmin.Kiosk3 -INFO - Logged in Success
2018-02-02 12:59:39,508 - Run_KioskFacilityAdmin.Kiosk3 -INFO - Logged in Success
2018-02-02 14:22:48,421 - Run_KioskFacilityAdmin.Kiosk3 -INFO - Logged in Success
2018-02-02 14:23:51,205 - Run_KioskFacilityAdmin.Kiosk3 -INFO - Logged in Success
2018-02-02 14:31:12,136 - Run_KioskFacilityAdmin.Kiosk3 -INFO - Logged in Success
2018-02-02 14:32:42,873 - Run_KioskFacilityAdmin.Kiosk3 -INFO - Logged in Success
2018-02-02 14:34:22,472 - Run_KioskFacilityAdmin.Kiosk3 -INFO - Logged in Success
2018-02-02 14:47:01,408 - Run_KioskFacilityAdmin.Kiosk3 -INFO - Logged in Success
2018-02-02 14:54:22,009 - Run_KioskFacilityAdmin.Kiosk3 -INFO - Logged in Success
2018-02-02 14:58:21,184 - Run_KioskFacilityAdmin.Kiosk3 -INFO - Logged in Success
2018-02-02 14:59:55,052 - Run_KioskFacilityAdmin.Kiosk3 -INFO - Logged in Success
2018-02-02 16:49:46,060 - Run_KioskFacilityAdmin.Kiosk3 -INFO - Logged in Success
2018-02-02 16:51:31,543 - Run_KioskFacilityAdmin.Kiosk3 -INFO - Logged in Success
2018-02-05 12:03:58,667 - com.inmate.kiosk.KioskLogin -INFO - Logged in Success
2018-02-05 12:05:24,843 - com.inmate.kiosk.KioskLogin -INFO - Logged in Success
2018-02-05 12:08:14,621 - com.inmate.kiosk.KioskLogin -INFO - Logged in Success
2018-02-05 12:12:46,741 - com.inmate.kiosk.KioskLogin -INFO - Logged in Success
2018-02-05 12:16:59,595 - com.inmate.kiosk.KioskLogin -INFO - Logged in Success
2018-02-05 12:18:38,525 - com.inmate.kiosk.KioskLogin -INFO - Logged in Success
2018-02-05 12:22:16,033 - com.inmate.kiosk.KioskLogin -INFO - Logged in Success
2018-02-05 12:25:31,803 - com.inmate.kiosk.KioskLogin -INFO - Logged in Success
2018-02-05 12:32:14,795 - com.inmate.kiosk.KioskLogin -INFO - Logged in Success
2018-02-05 12:33:22,769 - com.inmate.kiosk.KioskLogin -INFO - Logged in Success
2018-02-05 12:35:29,639 - com.inmate.kiosk.KioskLogin -INFO - Logged in Success
2018-02-05 12:38:41,871 - com.inmate.kiosk.KioskLogin -INFO - Logged in Success
2018-02-05 12:49:26,857 - com.inmate.kiosk.KioskLogin -INFO - Logged in Success
2018-02-05 12:53:37,307 - com.inmate.kiosk.KioskLogin -INFO - Logged in Success
2018-02-05 12:56:53,769 - com.inmate.kiosk.KioskLogin -INFO - Logged in Success
2018-02-05 14:44:21,589 - com.inmate.kiosk.KioskLogin -INFO - Logged in Success
2018-02-05 14:47:11,371 - com.inmate.kiosk.KioskLogin -INFO - Logged in Success
2018-02-05 14:50:46,128 - com.inmate.kiosk.KioskLogin -INFO - Logged in Success
2018-02-05 14:52:10,771 - com.inmate.kiosk.KioskLogin -INFO - Logged in Success
2018-02-05 14:53:34,316 - com.inmate.kiosk.KioskLogin -INFO - Logged in Success
2018-02-05 14:55:13,970 - com.inmate.kiosk.KioskLogin -INFO - Logged in Success
2018-02-05 14:56:57,746 - com.inmate.kiosk.KioskLogin -INFO - Logged in Success
2018-02-05 15:03:27,953 - com.inmate.kiosk.KioskLogin -INFO - Logged in Success
2018-02-05 15:36:44,728 - com.inmate.kiosk.KioskLogin -INFO - Logged in Success
2018-02-05 15:39:12,112 - com.inmate.kiosk.KioskLogin -INFO - Logged in Success
2018-02-05 15:41:08,438 - com.inmate.kiosk.KioskLogin -INFO - Logged in Success
2018-02-05 15:50:26,508 - com.inmate.kiosk.KioskLogin -INFO - Logged in Success
2018-02-05 15:52:14,528 - com.inmate.kiosk.KioskLogin -INFO - Logged in Success
2018-02-05 15:55:58,779 - com.inmate.kiosk.KioskLogin -INFO - Logged in Success
2018-02-05 18:15:17,706 - RunKiosk2pdStaffSendMsg.Kiosk1 -INFO - Logged in Success
2018-02-05 18:17:20,530 - RunKiosk2pdStaffSendMsg.Kiosk1 -INFO - Logged in Success
2018-02-06 18:43:33,108 - RunKiosk2pdStaffSendMsg.Kiosk1 -INFO - Logged in Success
2018-02-07 10:32:25,344 - RunKiosk2PdStaffPdForm.Kiosk -INFO - Logged in Success
2018-02-07 10:38:45,345 - RunKioskSendMessagePdAdmin2Kiosk.Kiosk -INFO - Logged in Success
2018-02-07 10:45:09,330 - RunKiosk2pdStaffSendMsg.Kiosk1 -INFO - Logged in Success
2018-02-07 10:52:28,238 - RunKiosk2pdStaffSendMsg.Kiosk1 -INFO - Logged in Success
2018-02-07 10:56:12,181 - RunKiosk2pdStaffSendMsg.Kiosk1 -INFO - Logged in Success
2018-02-07 10:58:20,525 - RunKiosk2pdStaffSendMsg.Kiosk1 -INFO - Logged in Success
2018-02-07 11:17:29,348 - RunKiosk2pdStaffSendMsg.Kiosk1 -INFO - Logged in Success
2018-02-07 11:21:20,423 - RunKiosk2PdStaffPdForm.Kiosk -INFO - Logged in Success
2018-02-07 11:24:27,175 - RunKiosk2pdStaffSendMsg.Kiosk1 -INFO - Logged in Success
2018-02-07 11:33:38,379 - RunKioskSendMessagePdAdmin2Kiosk.Kiosk -INFO - Logged in Success
2018-02-07 11:37:02,861 - RunKioskSendPdform2pdAdmin.Kiosk -INFO - Logged in Success
2018-02-07 11:39:06,110 - RunKioskSendPdform2pdAdmin.Kiosk -INFO - Logged in Success
2018-02-07 11:39:43,056 - RunKioskSendPdform2pdAdmin.Kiosk -INFO - Logged in Success
2018-02-07 11:42:02,036 - RunKioskSendPdform2pdAdmin.Kiosk -INFO - Logged in Success
2018-02-07 11:43:59,904 - RunKioskSendPdform2pdAdmin.Kiosk -INFO - Logged in Success
2018-02-07 11:46:19,814 - RunKioskSendPdform2pdAdmin.Kiosk -INFO - Logged in Success
2018-02-07 11:48:27,455 - RunKioskSendPdform2pdAdmin.Kiosk -INFO - Logged in Success
2018-02-07 12:00:58,305 - RunKioskSendPdform2pdAdmin.Kiosk -INFO - Logged in Success
2018-02-07 12:01:38,472 - RunKioskSendPdform2pdAdmin.Kiosk -INFO - Logged in Success
2018-02-07 12:05:15,181 - RunKioskSendPdform2pdAdmin.Kiosk -INFO - Logged in Success
2018-02-07 12:06:51,829 - RunKioskSendPdform2pdAdmin.Kiosk -INFO - Logged in Success
2018-02-07 12:28:33,859 - RunKioskSendPdform2pdAdmin.Kiosk -INFO - Logged in Success
2018-02-07 12:39:01,982 - RunKioskSendPdform2pdAdmin.Kiosk -INFO - Logged in Success
2018-02-07 12:40:49,489 - RunKioskSendPdform2pdAdmin.Kiosk -INFO - Logged in Success
2018-02-07 12:44:23,411 - RunKioskSendMessagePdAdmin2Kiosk.Kiosk -INFO - Logged in Success
2018-02-07 12:49:07,061 - RunKiosk2pdStaffSendMsg.Kiosk1 -INFO - Logged in Success
2018-02-07 12:56:50,334 - RunKiosk2pdStaffSendMsg.Kiosk1 -INFO - Logged in Success
2018-02-07 12:59:58,894 - RunKiosk2PdStaffPdForm.Kiosk -INFO - Logged in Success
2018-02-07 14:13:59,536 - RunKiosk2PdStaffPdForm.Kiosk -INFO - Logged in Success
2018-02-07 14:17:20,289 - RunKiosk2PdStaffPdForm.Kiosk -INFO - Logged in Success
2018-02-07 14:20:00,812 - RunKiosk2PdStaffPdForm.Kiosk -INFO - Logged in Success
2018-02-07 14:21:15,540 - RunKiosk2PdStaffPdForm.Kiosk -INFO - Logged in Success
2018-02-07 14:22:20,337 - RunKiosk2PdStaffPdForm.Kiosk -INFO - Logged in Success
2018-02-07 14:24:25,928 - RunKiosk2PdStaffPdForm.Kiosk -INFO - Logged in Success
2018-02-07 14:58:14,073 - RunPdFormsKiosk.Kiosk4 -INFO - Logged in Success
2018-02-07 15:00:54,189 - RunPdFormsKiosk.Kiosk4 -INFO - Logged in Success
2018-02-07 15:04:23,575 - RunPdFormsKiosk.Kiosk4 -INFO - Logged in Success
2018-02-07 15:06:36,575 - RunPdFormsKiosk.Kiosk4 -INFO - Logged in Success
2018-02-07 15:25:05,884 - RunKioskFacilityAdminf1.Kiosk2 -INFO - Logged in Success
2018-02-07 15:25:27,433 - RunKioskFacilityAdminf1.Kiosk2 -INFO - Logged in Success
2018-02-07 15:25:50,480 - RunKioskFacilityAdminf1.Kiosk2 -INFO - Logged in Success
2018-02-07 15:34:34,717 - RunKioskFacilityAdminf1.Kiosk2 -INFO - Logged in Success
2018-02-07 15:35:17,337 - RunKioskFacilityAdminf1.Kiosk2 -INFO - Logged in Success
2018-02-07 15:35:37,941 - RunKioskFacilityAdminf1.Kiosk2 -INFO - Logged in Success
2018-02-07 15:38:50,077 - RunKioskFacilityAdminf1.Kiosk2 -INFO - Logged in Success
2018-02-07 15:40:13,616 - RunKioskFacilityAdminf1.Kiosk2 -INFO - Logged in Success
2018-02-07 15:42:23,879 - RunKioskFacilityAdminf1.Kiosk2 -INFO - Logged in Success
2018-02-07 15:48:03,947 - Run_KioskFacilityAdmin.Kiosk3 -INFO - Logged in Success
2018-02-07 15:49:45,243 - Run_KioskFacilityAdmin.Kiosk3 -INFO - Logged in Success
2018-02-07 16:42:18,460 - Run_KioskFacilityAdmin.Kiosk3 -INFO - Logged in Success
2018-02-07 16:43:55,565 - Run_KioskFacilityAdmin.Kiosk3 -INFO - Logged in Success
2018-02-07 16:57:23,810 - Run_KioskFacilityAdmin.Kiosk3 -INFO - Logged in Success
2018-02-09 12:34:50,701 - PUBLICUSER_KIOSK.KioskLogin -INFO - Logged in Success
2018-02-09 12:39:11,795 - PUBLICUSER_KIOSK.KioskLogin -INFO - Logged in Success
2018-02-09 12:40:23,133 - PUBLICUSER_KIOSK.KioskLogin -INFO - Logged in Success
2018-02-09 12:48:58,082 - PUBLICUSER_KIOSK.KioskLogin -INFO - Logged in Success
2018-02-09 12:49:35,622 - PUBLICUSER_KIOSK.KioskLogin -INFO - Logged in Success
2018-02-09 12:54:17,897 - PUBLICUSER_KIOSK.KioskLogin -INFO - Logged in Success
2018-02-09 15:47:42,753 - RUNKiosk2pdStaffSendMsg.Kiosk1 -INFO - Logged in Success
2018-02-09 15:48:07,517 - RUNKiosk2pdStaffSendMsg.Kiosk1 -INFO - Logged in Success
2018-02-09 15:52:10,296 - RUNKiosk2pdStaffSendMsg.KioskLogin -INFO - Logged in Success
2018-02-09 16:06:36,015 - RUNKiosk2pdStaffSendMsg.KioskLogin -INFO - Logged in Success
2018-02-09 16:16:05,689 - RUNKiosk2pdStaffSendMsg.KioskLogin -INFO - Logged in Success
2018-02-09 16:18:07,517 - RUNKiosk2pdStaffSendMsg.KioskLogin -INFO - Logged in Success
2018-02-09 16:20:35,102 - RUNKiosk2pdStaffSendMsg.KioskLogin -INFO - Logged in Success
2018-02-09 16:24:47,653 - RUNKiosk2pdStaffSendMsg.KioskLogin -INFO - Logged in Success
2018-02-09 16:30:37,795 - RUNKiosk2PdStaffPdForm.Kiosk -INFO - Logged in Success
2018-02-09 16:34:27,825 - RUNKiosk2PdStaffPdForm.Kiosk -INFO - Logged in Success
2018-02-09 16:34:39,462 - RUNKiosk2PdStaffPdForm.Kiosk -INFO - Logged in Success
2018-02-09 16:36:35,107 - RUNKiosk2PdStaffPdForm.Kiosk -INFO - Logged in Success
2018-02-09 16:37:48,111 - RUNKiosk2PdStaffPdForm.Kiosk -INFO - Logged in Success
2018-02-09 16:39:37,589 - RUNKiosk2PdStaffPdForm.Kiosk -INFO - Logged in Success
2018-02-09 16:40:23,296 - RUNKiosk2PdStaffPdForm.Kiosk -INFO - Logged in Success
2018-02-09 16:42:50,343 - RUNKiosk2PdStaffPdForm.Kiosk -INFO - Logged in Success
2018-02-09 16:48:31,853 - RUNKiosk2PdStaffPdForm.Kiosk -INFO - Logged in Success
2018-02-09 18:13:15,077 - RUNKiosk2PdStaffPdForm.Kiosk -INFO - Logged in Success
2018-02-09 18:19:34,143 - RUNKioskSendPdform2pdAdmin.Kiosk -INFO - Logged in Success
2018-02-09 18:20:01,233 - RUNKioskSendPdform2pdAdmin.Kiosk -INFO - Logged in Success
2018-02-09 18:22:18,327 - RUNKioskSendPdform2pdAdmin.KioskLogin -INFO - Logged in Success
2018-02-09 18:22:42,192 - RUNKioskSendPdform2pdAdmin.KioskLogin -INFO - Logged in Success
2018-02-09 18:23:56,672 - RUNKioskSendPdform2pdAdmin.KioskLogin -INFO - Logged in Success
2018-02-09 18:24:22,105 - RUNKioskSendPdform2pdAdmin.KioskLogin -INFO - Logged in Success
2018-02-09 18:25:09,538 - RUNKioskSendPdform2pdAdmin.KioskLogin -INFO - Logged in Success
2018-02-09 18:25:34,107 - RUNKioskSendPdform2pdAdmin.KioskLogin -INFO - Logged in Success
2018-02-09 18:26:04,540 - RUNKioskSendPdform2pdAdmin.KioskLogin -INFO - Logged in Success
2018-02-09 18:26:42,035 - RUNKioskSendPdform2pdAdmin.KioskLogin -INFO - Logged in Success
2018-02-09 18:27:43,706 - RUNKioskSendPdform2pdAdmin.KioskLogin -INFO - Logged in Success
2018-02-09 18:28:07,017 - RUNKioskSendPdform2pdAdmin.KioskLogin -INFO - Logged in Success
2018-02-09 18:29:01,779 - RUNKioskSendPdform2pdAdmin.KioskLogin -INFO - Logged in Success
2018-02-09 18:30:01,386 - RUNKioskSendPdform2pdAdmin.KioskLogin -INFO - Logged in Success
2018-02-09 18:31:44,768 - RUNKioskSendPdform2pdAdmin.KioskLogin -INFO - Logged in Success
2018-02-09 18:47:21,559 - RUNKioskSendPdform2pdAdmin.KioskLogin -INFO - Logged in Success
2018-02-09 18:49:20,483 - RUNKioskSendPdform2pdAdmin.KioskLogin -INFO - Logged in Success
2018-02-09 18:50:59,731 - RUNKioskSendPdform2pdAdmin.KioskLogin -INFO - Logged in Success
2018-02-09 18:54:15,959 - RUNKioskSendPdform2pdAdmin.KioskLogin -INFO - Logged in Success
2018-02-12 10:30:21,413 - RunPdFormsKiosk.Kiosk4 -INFO - Logged in Success
2018-02-12 10:30:59,347 - RunPdFormsKiosk.Kiosk4 -INFO - Logged in Success
2018-02-12 10:34:16,641 - RunPdFormsKiosk.Kiosk4 -INFO - Logged in Success
2018-02-12 10:34:40,620 - RunPdFormsKiosk.Kiosk4 -INFO - Logged in Success
2018-02-12 10:35:54,397 - RunPdFormsKiosk.Kiosk4 -INFO - Logged in Success
2018-02-12 10:36:17,916 - RunPdFormsKiosk.Kiosk4 -INFO - Logged in Success
2018-02-12 10:38:30,188 - RunPdFormsKiosk.Kiosk4 -INFO - Logged in Success
2018-02-12 10:39:06,711 - RunPdFormsKiosk.Kiosk4 -INFO - Logged in Success
2018-02-12 10:41:28,111 - RunPdFormsKiosk.Kiosk4 -INFO - Logged in Success
2018-02-12 10:41:52,752 - RunPdFormsKiosk.Kiosk4 -INFO - Logged in Success
2018-02-12 10:50:30,890 - RunPdFormsKiosk.Kiosk4 -INFO - Logged in Success
2018-02-12 10:53:12,362 - RunPdFormsKiosk.Kiosk4 -INFO - Logged in Success
2018-02-12 10:55:26,222 - RunPdFormsKiosk.Kiosk4 -INFO - Logged in Success
2018-02-12 11:18:54,224 - Run_KioskFacilityAdmin.Kiosk3 -INFO - Logged in Success
2018-02-12 11:19:11,573 - Run_KioskFacilityAdmin.Kiosk3 -INFO - Logged in Success
2018-02-12 11:20:32,193 - Run_KioskFacilityAdmin.Kiosk3 -INFO - Logged in Success
2018-02-12 11:20:54,627 - Run_KioskFacilityAdmin.Kiosk3 -INFO - Logged in Success
2018-02-13 10:22:05,065 - RUNKioskSendPdform2pdAdmin.KioskLogin -INFO - Logged in Success
2018-02-13 10:24:20,406 - RUNKioskSendPdform2pdAdmin.KioskLogin -INFO - Logged in Success
2018-02-13 10:29:29,580 - RUNKiosk2pdStaffSendMsg.KioskLogin -INFO - Logged in Success
2018-02-13 10:32:26,903 - RUNKiosk2PdStaffPdForm.Kiosk -INFO - Logged in Success
2018-02-13 10:37:52,018 - RunPdAdminFormsKiosk.Kiosk4 -INFO - Logged in Success
2018-02-13 11:13:46,744 - RunPdAdminFormsKiosk.Kiosk4 -INFO - Logged in Success
2018-02-13 11:16:26,554 - RunPdAdminFormsKiosk.Kiosk4 -INFO - Logged in Success
2018-02-13 11:51:21,822 - PUBLICUSER_KIOSK.KioskLogin -INFO - Logged in Success
2018-02-13 12:08:09,745 - PUBLICUSER_KIOSK.KioskLogin -INFO - Logged in Success
2018-02-13 12:33:30,033 - PUBLICUSER_KIOSK.KioskLogin -INFO - Logged in Success
2018-02-13 12:37:35,342 - PUBLICUSER_KIOSK.KioskLogin -INFO - Logged in Success
2018-02-13 12:40:16,314 - PUBLICUSER_KIOSK.KioskLogin -INFO - Logged in Success
2018-02-13 12:51:13,844 - PUBLICUSER_KIOSK.KioskLogin -INFO - Logged in Success
2018-02-13 12:56:14,929 - PUBLICUSER_KIOSK.KioskLogin -INFO - Logged in Success
2018-02-13 14:24:40,577 - PUBLICUSER_KIOSK.KioskLogin -INFO - Logged in Success
2018-02-13 14:43:34,213 - PUBLICUSER_KIOSK.KioskLogin -INFO - Logged in Success
2018-02-13 14:46:37,505 - PUBLICUSER_KIOSK.KioskLogin -INFO - Logged in Success
2018-02-13 14:47:48,128 - PUBLICUSER_KIOSK.KioskLogin -INFO - Logged in Success
2018-02-13 14:51:14,839 - PUBLICUSER_KIOSK.KioskLogin -INFO - Logged in Success
2018-02-13 14:53:11,755 - PUBLICUSER_KIOSK.KioskLogin -INFO - Logged in Success
2018-02-13 15:01:57,909 - PUBLICUSER_KIOSK.KioskLogin -INFO - Logged in Success
2018-02-13 15:03:06,241 - PUBLICUSER_KIOSK.KioskLogin -INFO - Logged in Success
2018-02-13 15:04:05,133 - PUBLICUSER_KIOSK.KioskLogin -INFO - Logged in Success
2018-02-13 15:06:54,945 - PUBLICUSER_KIOSK.KioskLogin -INFO - Logged in Success
2018-02-13 15:10:09,377 - PUBLICUSER_KIOSK.KioskLogin -INFO - Logged in Success
2018-02-13 15:17:16,045 - PUBLICUSER_KIOSK.KioskLogin -INFO - Logged in Success
2018-02-13 15:22:19,754 - PUBLICUSER_KIOSK.KioskLogin -INFO - Logged in Success
2018-02-13 15:26:54,402 - PUBLICUSER_KIOSK.KioskLogin -INFO - Logged in Success
2018-02-13 15:30:14,814 - PUBLICUSER_KIOSK.KioskLogin -INFO - Logged in Success
2018-02-13 15:34:04,531 - PUBLICUSER_KIOSK.KioskLogin -INFO - Logged in Success
2018-02-13 15:35:43,609 - PUBLICUSER_KIOSK.KioskLogin -INFO - Logged in Success
2018-02-13 15:36:15,743 - PUBLICUSER_KIOSK.KioskLogin -INFO - Logged in Success
2018-02-13 15:36:47,615 - PUBLICUSER_KIOSK.KioskLogin -INFO - Logged in Success
2018-02-13 15:38:26,677 - PUBLICUSER_KIOSK.KioskLogin -INFO - Logged in Success
2018-02-13 15:40:03,619 - PUBLICUSER_KIOSK.KioskLogin -INFO - Logged in Success
2018-02-13 15:41:00,770 - PUBLICUSER_KIOSK.KioskLogin -INFO - Logged in Success
2018-02-13 15:41:28,881 - PUBLICUSER_KIOSK.KioskLogin -INFO - Logged in Success
2018-02-13 15:43:39,505 - PUBLICUSER_KIOSK.KioskLogin -INFO - Logged in Success
2018-02-13 15:44:58,884 - PUBLICUSER_KIOSK.KioskLogin -INFO - Logged in Success
2018-02-13 15:45:47,650 - PUBLICUSER_KIOSK.KioskLogin -INFO - Logged in Success
2018-02-13 15:48:33,936 - PUBLICUSER_KIOSK.KioskLogin -INFO - Logged in Success
2018-02-13 15:50:07,762 - PUBLICUSER_KIOSK.KioskLogin -INFO - Logged in Success
2018-02-13 15:50:24,818 - PUBLICUSER_KIOSK.KioskLogin -INFO - Logged in Success
2018-02-13 15:53:26,944 - PUBLICUSER_KIOSK.KioskLogin -INFO - Logged in Success
2018-02-13 15:55:53,608 - PUBLICUSER_KIOSK.KioskLogin -INFO - Logged in Success
2018-02-13 16:08:11,547 - PUBLICUSER_KIOSK.KioskLogin -INFO - Logged in Success
2018-02-13 16:11:24,936 - PUBLICUSER_KIOSK.KioskLogin -INFO - Logged in Success
2018-02-13 16:15:16,037 - PUBLICUSER_KIOSK.KioskLogin -INFO - Logged in Success
2018-02-13 16:16:38,934 - PUBLICUSER_KIOSK.KioskLogin -INFO - Logged in Success
2018-02-13 16:17:32,181 - PUBLICUSER_KIOSK.KioskLogin -INFO - Logged in Success
2018-02-13 16:20:16,044 - PUBLICUSER_KIOSK.KioskLogin -INFO - Logged in Success
2018-02-13 16:57:19,927 - PUBLICUSER_KIOSK.KioskLogin -INFO - Logged in Success
2018-02-13 16:57:55,654 - PUBLICUSER_KIOSK.KioskLogin -INFO - Logged in Success
2018-02-13 17:00:08,629 - PUBLICUSER_KIOSK.KioskLogin -INFO - Logged in Success
2018-02-13 17:01:46,261 - PUBLICUSER_KIOSK.KioskLogin -INFO - Logged in Success
2018-02-13 17:03:19,041 - PUBLICUSER_KIOSK.KioskLogin -INFO - Logged in Success
2018-02-13 18:36:16,080 - PUBLICUSER_KIOSK.KioskLogin -INFO - Logged in Success
2018-02-13 18:40:30,147 - PUBLICUSER_KIOSK.KioskLogin -INFO - Logged in Success
2018-02-13 18:43:17,024 - PUBLICUSER_KIOSK.KioskLogin -INFO - Logged in Success
2018-02-13 18:46:04,736 - PUBLICUSER_KIOSK.KioskLogin -INFO - Logged in Success
2018-02-13 18:48:19,180 - PUBLICUSER_KIOSK.KioskLogin -INFO - Logged in Success
2018-02-14 10:34:30,910 - PUBLICUSER_KIOSK.KioskLogin -INFO - Logged in Success
2018-02-14 10:36:06,545 - PUBLICUSER_KIOSK.KioskLogin -INFO - Logged in Success
2018-02-14 10:39:05,502 - PUBLICUSER_KIOSK.KioskLogin -INFO - Logged in Success
2018-02-14 11:17:41,491 - PUBLICUSER_KIOSK.KioskLogin -INFO - Logged in Success
2018-02-15 10:12:22,668 - PUBLICUSER_KIOSK.KioskLogin -INFO - Logged in Success
2018-02-15 10:24:51,213 - PUBLICUSER_KIOSK.KioskLogin -INFO - Logged in Success
2018-02-15 10:29:52,951 - PUBLICUSER_KIOSK.KioskLogin -INFO - Logged in Success
2018-02-15 10:34:23,573 - PUBLICUSER_KIOSK.KioskLogin -INFO - Logged in Success
2018-02-15 10:37:29,886 - PUBLICUSER_KIOSK.KioskLogin -INFO - Logged in Success
2018-02-15 10:38:35,313 - PUBLICUSER_KIOSK.KioskLogin -INFO - Logged in Success
2018-02-15 10:46:45,981 - RUNKiosk2pdStaffSendMsg.KioskLogin -INFO - Logged in Success
2018-02-15 10:51:30,814 - RUNKiosk2pdStaffSendMsg.KioskLogin -INFO - Logged in Success
2018-02-15 11:19:26,126 - RUNKiosk2PdStaffPdForm.Kiosk -INFO - Logged in Success
2018-02-15 11:22:28,804 - RUNKiosk2PdStaffPdForm.Kiosk -INFO - Logged in Success
2018-02-15 11:30:29,420 - RUN_Kiosk2PublicDefenderAdminPdform.KioskLogin -INFO - Logged in Success
2018-02-15 11:32:22,956 - RUN_Kiosk2PublicDefenderAdminPdform.KioskLogin -INFO - Logged in Success
2018-02-15 11:37:19,363 - RUN_Kiosk2PublicDefenderAdminPdform.KioskLogin -INFO - Logged in Success
2018-02-15 11:38:57,466 - RUN_Kiosk2PublicDefenderAdminPdform.KioskLogin -INFO - Logged in Success
2018-02-15 11:39:42,308 - RUN_Kiosk2PublicDefenderAdminPdform.KioskLogin -INFO - Logged in Success
2018-02-15 11:41:46,519 - RUN_Kiosk2PublicDefenderAdminPdform.KioskLogin -INFO - Logged in Success
2018-02-15 11:42:13,105 - RUN_Kiosk2PublicDefenderAdminPdform.KioskLogin -INFO - Logged in Success
2018-02-15 11:43:35,532 - RUN_Kiosk2PublicDefenderAdminPdform.KioskLogin -INFO - Logged in Success
2018-02-15 11:44:22,040 - RUN_Kiosk2PublicDefenderAdminPdform.KioskLogin -INFO - Logged in Success
2018-02-15 11:46:29,593 - RUN_Kiosk2PublicDefenderAdminPdform.KioskLogin -INFO - Logged in Success
2018-02-15 11:54:06,911 - RUN_Kiosk2PublicDefenderAdminPdform.KioskLogin -INFO - Logged in Success
2018-02-15 11:56:21,267 - RUN_Kiosk2PublicDefenderAdminPdform.KioskLogin -INFO - Logged in Success
2018-02-15 12:04:04,152 - RUN_Kiosk2PublicDefStaffSendMsg.KioskLogin -INFO - Logged in Success
2018-02-15 12:30:17,083 - RUN_Kiosk2PublicDefStaffSendMsg.KioskLogin -INFO - Logged in Success
2018-02-15 12:32:57,626 - RUN_Kiosk2PublicDefStaffSendMsg.KioskLogin -INFO - Logged in Success
2018-02-15 12:41:46,838 - RUN_Kiosk2PublicDefenderAdmin.KioskLogin -INFO - Logged in Success
2018-02-15 12:42:11,877 - RUN_Kiosk2PublicDefenderAdmin.KioskLogin -INFO - Logged in Success
2018-02-15 12:43:08,927 - RUN_Kiosk2PublicDefenderAdmin.KioskLogin -INFO - Logged in Success
2018-02-15 12:43:32,826 - RUN_Kiosk2PublicDefenderAdmin.KioskLogin -INFO - Logged in Success
2018-02-15 12:44:13,328 - RUN_Kiosk2PublicDefenderAdmin.KioskLogin -INFO - Logged in Success
2018-02-15 12:44:37,922 - RUN_Kiosk2PublicDefenderAdmin.KioskLogin -INFO - Logged in Success
2018-02-15 12:45:45,948 - RUN_Kiosk2PublicDefAdminSendMessage.Kiosk -INFO - Logged in Success
2018-02-15 12:46:12,111 - RUN_Kiosk2PublicDefAdminSendMessage.Kiosk -INFO - Logged in Success
2018-02-15 12:46:57,815 - RUN_Kiosk2PublicDefAdminSendMessage.Kiosk -INFO - Logged in Success
2018-02-15 14:07:37,442 - Run_KioskFacilityAdmin.Kiosk3 -INFO - Logged in Success
2018-02-15 14:08:06,994 - Run_KioskFacilityAdmin.Kiosk3 -INFO - Logged in Success
2018-02-15 14:08:49,490 - Run_KioskFacilityAdmin.Kiosk3 -INFO - Logged in Success
2018-02-15 14:09:13,400 - Run_KioskFacilityAdmin.Kiosk3 -INFO - Logged in Success
2018-02-15 14:11:57,755 - Run_KioskFacilityAdmin.Kiosk3 -INFO - Logged in Success
2018-02-15 14:12:21,060 - Run_KioskFacilityAdmin.Kiosk3 -INFO - Logged in Success
2018-02-15 14:14:19,586 - Run_KioskFacilityAdmin.Kiosk3 -INFO - Logged in Success
2018-02-15 14:14:44,139 - Run_KioskFacilityAdmin.Kiosk3 -INFO - Logged in Success
2018-02-15 14:19:37,888 - Run_KioskFacilityAdmin.Kiosk3 -INFO - Logged in Success
2018-02-15 14:21:13,749 - Run_KioskFacilityAdmin.Kiosk3 -INFO - Logged in Success
2018-02-15 15:15:24,985 - PUBLICUSER_KIOSK.KioskLogin -INFO - Logged in Success
2018-02-15 15:17:18,640 - PUBLICUSER_KIOSK.KioskLogin -INFO - Logged in Success
2018-02-15 15:19:16,724 - PUBLICUSER_KIOSK.KioskLogin -INFO - Logged in Success
2018-02-15 15:21:24,674 - PUBLICUSER_KIOSK.KioskLogin -INFO - Logged in Success
2018-02-15 18:09:14,192 - PUBLICUSER_KIOSK.KioskLogin -INFO - Logged in Success
2018-02-15 18:20:05,421 - PUBLICUSER_KIOSK.KioskLogin -INFO - Logged in Success
2018-02-15 18:22:53,676 - PUBLICUSER_KIOSK.KioskLogin -INFO - Logged in Success
2018-02-15 18:24:18,080 - PUBLICUSER_KIOSK.KioskLogin -INFO - Logged in Success
2018-02-15 18:32:15,902 - Run_KioskFacilityAdmin.Kiosk3 -INFO - Logged in Success
2018-02-15 18:33:51,759 - Run_KioskFacilityAdmin.Kiosk3 -INFO - Logged in Success
2018-02-16 10:16:56,339 - PUBLICUSER_KIOSK.KioskLogin -INFO - Logged in Success
2018-02-16 10:21:42,920 - PUBLICUSER_KIOSK.KioskLogin -INFO - Logged in Success
2018-02-16 10:26:54,501 - Run_KioskFacilityAdmin.Kiosk3 -INFO - Logged in Success
2018-02-16 10:28:06,110 - Run_KioskFacilityAdmin.Kiosk3 -INFO - Logged in Success
2018-02-16 10:30:15,534 - Run_KioskFacilityAdmin.Kiosk3 -INFO - Logged in Success
2018-02-16 10:32:05,105 - Run_KioskFacilityAdmin.Kiosk3 -INFO - Logged in Success
2018-02-16 10:51:35,883 - Run_KioskFacilityAdmin.Kiosk3 -INFO - Logged in Success
2018-02-16 10:53:18,560 - Run_KioskFacilityAdmin.Kiosk3 -INFO - Logged in Success
2018-02-16 11:27:50,263 - Run_KioskFacilityAdmin.Kiosk3 -INFO - Logged in Success
2018-02-16 11:28:50,677 - Run_KioskFacilityAdmin.Kiosk3 -INFO - Logged in Success
2018-02-16 14:21:43,676 - RUN_Kiosk2PublicDefenderAdmin.KioskLogin -INFO - Logged in Success
2018-02-16 14:23:35,467 - RUN_Kiosk2PublicDefenderAdmin.KioskLogin -INFO - Logged in Success
2018-02-16 14:24:45,975 - RUN_Kiosk2PublicDefenderStaff.KioskLogin -INFO - Logged in Success
2018-02-16 14:25:35,751 - RUN_Kiosk2PublicDefenderStaff.KioskLogin -INFO - Logged in Success
2018-02-16 14:26:31,140 - RUN_Kiosk2PublicDefenderStaff.KioskLogin -INFO - Logged in Success
2018-02-16 14:28:54,962 - RUN_Kiosk2PublicDefenderStaff.KioskLogin -INFO - Logged in Success
2018-02-16 14:33:47,338 - RUN_Kiosk2PublicDefenderStaff.KioskLogin -INFO - Logged in Success
2018-02-16 14:38:02,720 - RUN_Kiosk2PublicDefenderAdmin.KioskLogin -INFO - Logged in Success
2018-02-16 14:39:56,497 - RUN_Kiosk2PublicDefenderAdmin.KioskLogin -INFO - Logged in Success
2018-02-16 14:41:15,976 - RUN_Kiosk2PublicDefenderAdmin.KioskLogin -INFO - Logged in Success
2018-02-16 14:43:00,828 - RUN_Kiosk2PublicDefenderAdmin.KioskLogin -INFO - Logged in Success
2018-02-16 14:44:52,544 - RUN_Kiosk2PublicDefenderAdmin.KioskLogin -INFO - Logged in Success
2018-02-16 14:50:42,423 - PUBLICUSER_KIOSK.KioskLogin -INFO - Logged in Success
2018-02-16 14:51:33,295 - RUN_Kiosk2PublicDefenderAdmin.KioskLogin -INFO - Logged in Success
2018-02-16 14:53:21,328 - RUN_Kiosk2PublicDefenderAdmin.KioskLogin -INFO - Logged in Success
2018-02-16 14:55:28,642 - RUN_Kiosk2PublicDefenderAdmin.KioskLogin -INFO - Logged in Success
2018-02-16 15:35:41,945 - RUN_Kiosk2PublicDefenderStaff.KioskLogin -INFO - Logged in Success
2018-02-16 15:38:39,737 - RUN_Kiosk2PublicDefenderStaff.KioskLogin -INFO - Logged in Success
2018-02-16 15:41:23,290 - RUN_Kiosk2PublicDefenderStaff.KioskLogin -INFO - Logged in Success
2018-02-17 10:13:47,442 - PUBLICUSER_KIOSK.KioskLogin -INFO - Logged in Success
2018-02-17 10:15:30,744 - PUBLICUSER_KIOSK.KioskLogin -INFO - Logged in Success
2018-02-17 10:17:04,576 - PUBLICUSER_KIOSK.KioskLogin -INFO - Logged in Success
2018-02-17 10:20:56,168 - PUBLICUSER_KIOSK.KioskLogin -INFO - Logged in Success
2018-02-17 10:23:02,970 - PUBLICUSER_KIOSK.KioskLogin -INFO - Logged in Success
2018-02-17 10:25:04,788 - PUBLICUSER_KIOSK.KioskLogin -INFO - Logged in Success
2018-02-17 10:28:41,973 - PUBLICUSER_KIOSK.KioskLogin -INFO - Logged in Success
2018-02-17 10:31:01,049 - PUBLICUSER_KIOSK.KioskLogin -INFO - Logged in Success
2018-02-17 10:32:23,226 - PUBLICUSER_KIOSK.KioskLogin -INFO - Logged in Success
2018-02-17 10:52:37,842 - RUN_Kiosk2PublicDefenderStaff.KioskLogin -INFO - Logged in Success
2018-02-17 10:55:09,669 - RUN_Kiosk2PublicDefenderStaff.KioskLogin -INFO - Logged in Success
2018-02-17 10:56:40,975 - RUN_Kiosk2PublicDefenderAdmin.KioskLogin -INFO - Logged in Success
2018-02-17 10:58:32,311 - RUN_Kiosk2PublicDefenderAdmin.KioskLogin -INFO - Logged in Success
2018-02-17 11:00:43,842 - RUN_Kiosk2PublicDefenderAdmin.KioskLogin -INFO - Logged in Success
2018-02-17 11:56:47,456 - PUBLICUSER_KIOSK.KioskLogin -INFO - Logged in Success
2018-02-17 12:00:26,200 - PUBLICUSER_KIOSK.KioskLogin -INFO - Logged in Success
2018-02-17 12:02:46,324 - PUBLICUSER_KIOSK.KioskLogin -INFO - Logged in Success
2018-02-17 12:04:31,741 - PUBLICUSER_KIOSK.KioskLogin -INFO - Logged in Success
2018-02-17 12:14:48,771 - PUBLICUSER_KIOSK.KioskLogin -INFO - Logged in Success
2018-02-17 12:16:31,351 - PUBLICUSER_KIOSK.KioskLogin -INFO - Logged in Success
2018-02-20 14:38:23,781 - com.inmate.kiosk.KioskLogin -INFO - Logged in Success
2018-02-20 14:39:15,578 - com.inmate.kiosk.KioskLogin -INFO - Logged in Success
2018-02-20 14:39:45,481 - com.inmate.kiosk.KioskLogin -INFO - Logged in Success
2018-02-20 14:40:22,174 - com.inmate.kiosk.KioskLogin -INFO - Logged in Success
2018-02-20 14:41:13,542 - com.inmate.kiosk.KioskLogin -INFO - Logged in Success
2018-02-26 14:27:04,099 - com.inmate.kiosk.KioskLogin -INFO - Logged in Success
