2018-04-30 14:13:18,717 - com.inmate.publicdefender.PublicDefender -INFO - LoggedIn Success
2018-04-30 14:13:30,462 - com.inmate.publicdefender.PublicDefender -INFO - Request searched Success
2018-04-30 14:13:41,677 - com.inmate.publicdefender.PublicDefender -INFO - Initiate message clicked Success
2018-04-30 14:13:56,832 - com.inmate.publicdefender.PublicDefender -INFO - Message searched Success
2018-04-30 14:13:56,833 - com.inmate.publicdefender.PublicDefender -INFO - Message searched Success
2018-04-30 14:28:34,359 - com.inmate.publicdefender.PublicDefender -INFO - LoggedIn Success
2018-04-30 14:28:47,253 - com.inmate.publicdefender.PublicDefender -INFO - Request searched Success
2018-04-30 14:28:58,336 - com.inmate.publicdefender.PublicDefender -INFO - Initiate message clicked Success
2018-04-30 14:29:13,661 - com.inmate.publicdefender.PublicDefender -INFO - Message searched Success
2018-04-30 14:29:13,661 - com.inmate.publicdefender.PublicDefender -INFO - Message searched Success
2018-04-30 14:39:29,166 - com.inmate.publicdefender.PublicDefender -INFO - LoggedIn Success
2018-04-30 14:39:42,014 - com.inmate.publicdefender.PublicDefender -INFO - Request searched Success
2018-04-30 14:39:53,115 - com.inmate.publicdefender.PublicDefender -INFO - Initiate message clicked Success
2018-04-30 14:52:48,573 - com.inmate.publicdefender.PublicDefender -INFO - LoggedIn Success
2018-04-30 14:53:00,765 - com.inmate.publicdefender.PublicDefender -INFO - Request searched Success
2018-04-30 14:53:11,859 - com.inmate.publicdefender.PublicDefender -INFO - Initiate message clicked Success
2018-04-30 14:53:27,103 - com.inmate.publicdefender.PublicDefender -INFO - Message searched Success
2018-04-30 14:53:27,103 - com.inmate.publicdefender.PublicDefender -INFO - Message searched Success
2018-04-30 15:01:04,239 - com.inmate.publicdefender.PublicDefender -INFO - LoggedIn Success
2018-04-30 15:02:15,945 - com.inmate.publicdefender.PublicDefender -INFO - LoggedIn Success
2018-04-30 15:02:28,034 - com.inmate.publicdefender.PublicDefender -INFO - Request searched Success
2018-04-30 15:03:50,403 - com.inmate.publicdefender.PublicDefender -INFO - LoggedIn Success
2018-04-30 15:04:03,363 - com.inmate.publicdefender.PublicDefender -INFO - Request searched Success
2018-04-30 15:06:43,658 - com.inmate.publicdefender.PublicDefender -INFO - LoggedIn Success
2018-04-30 15:06:59,316 - com.inmate.publicdefender.PublicDefender -INFO - Request searched Success
2018-04-30 15:11:38,004 - com.inmate.publicdefender.PublicDefender -INFO - LoggedIn Success
2018-04-30 15:11:51,073 - com.inmate.publicdefender.PublicDefender -INFO - Request searched Success
2018-04-30 15:14:41,630 - com.inmate.publicdefender.PublicDefender -INFO - LoggedIn Success
2018-04-30 15:14:56,550 - com.inmate.publicdefender.PublicDefender -INFO - Request searched Success
2018-04-30 15:17:43,774 - com.inmate.publicdefender.PublicDefender -INFO - LoggedIn Success
2018-04-30 15:17:57,118 - com.inmate.publicdefender.PublicDefender -INFO - Request searched Success
2018-04-30 15:18:47,569 - com.inmate.publicdefender.PublicDefender -INFO - LoggedIn Success
2018-04-30 15:19:00,597 - com.inmate.publicdefender.PublicDefender -INFO - Request searched Success
2018-04-30 15:20:29,759 - com.inmate.publicdefender.PublicDefender -INFO - LoggedIn Success
2018-04-30 15:20:44,730 - com.inmate.publicdefender.PublicDefender -INFO - Request searched Success
2018-04-30 15:22:02,900 - com.inmate.publicdefender.PublicDefender -INFO - LoggedIn Success
2018-04-30 15:22:15,780 - com.inmate.publicdefender.PublicDefender -INFO - Request searched Success
2018-04-30 15:23:49,073 - com.inmate.publicdefender.PublicDefender -INFO - LoggedIn Success
2018-04-30 15:24:02,639 - com.inmate.publicdefender.PublicDefender -INFO - Request searched Success
2018-04-30 15:25:47,641 - com.inmate.publicdefender.PublicDefender -INFO - LoggedIn Success
2018-04-30 15:26:02,088 - com.inmate.publicdefender.PublicDefender -INFO - Request searched Success
2018-04-30 15:27:02,572 - com.inmate.publicdefender.PublicDefender -INFO - LoggedIn Success
2018-04-30 15:27:15,387 - com.inmate.publicdefender.PublicDefender -INFO - Request searched Success
2018-04-30 15:32:24,078 - com.inmate.publicdefender.PublicDefender -INFO - LoggedIn Success
2018-04-30 15:32:39,472 - com.inmate.publicdefender.PublicDefender -INFO - Request searched Success
2018-04-30 15:34:27,543 - com.inmate.publicdefender.PublicDefender -INFO - LoggedIn Success
2018-04-30 15:34:40,380 - com.inmate.publicdefender.PublicDefender -INFO - Request searched Success
2018-04-30 16:01:40,613 - com.inmate.publicdefender.PublicDefender -INFO - LoggedIn Success
2018-04-30 16:01:56,758 - com.inmate.publicdefender.PublicDefender -INFO - Request searched Success
2018-04-30 16:05:30,291 - com.inmate.publicdefender.PublicDefender -INFO - LoggedIn Success
2018-04-30 16:05:43,191 - com.inmate.publicdefender.PublicDefender -INFO - Request searched Success
2018-04-30 16:07:10,716 - com.inmate.publicdefender.PublicDefender -INFO - LoggedIn Success
2018-04-30 16:07:25,499 - com.inmate.publicdefender.PublicDefender -INFO - Request searched Success
2018-04-30 16:08:13,166 - com.inmate.publicdefender.PublicDefender -INFO - LoggedIn Success
2018-04-30 16:08:25,914 - com.inmate.publicdefender.PublicDefender -INFO - Request searched Success
2018-04-30 16:13:53,614 - com.inmate.publicdefender.PublicDefender -INFO - LoggedIn Success
2018-04-30 16:14:21,757 - com.inmate.publicdefender.PublicDefender -INFO - LoggedIn Success
2018-04-30 16:14:34,697 - com.inmate.publicdefender.PublicDefender -INFO - Request searched Success
2018-04-30 16:15:56,190 - com.inmate.publicdefender.PublicDefender -INFO - LoggedIn Success
2018-04-30 16:16:09,197 - com.inmate.publicdefender.PublicDefender -INFO - Request searched Success
2018-04-30 16:16:45,361 - com.inmate.publicdefender.PublicDefender -INFO - LoggedIn Success
2018-04-30 16:16:58,255 - com.inmate.publicdefender.PublicDefender -INFO - Request searched Success
2018-04-30 16:17:30,282 - com.inmate.publicdefender.PublicDefender -INFO - Initiate message clicked Success
2018-04-30 16:17:45,749 - com.inmate.publicdefender.PublicDefender -INFO - Message searched Success
2018-04-30 16:17:45,750 - com.inmate.publicdefender.PublicDefender -INFO - Message searched Success
2018-04-30 16:21:48,536 - com.inmate.publicdefender.PublicDefender -INFO - LoggedIn Success
2018-04-30 16:22:53,564 - com.inmate.publicdefender.PublicDefender -INFO - LoggedIn Success
2018-04-30 16:24:51,906 - com.inmate.publicdefender.PublicDefender -INFO - LoggedIn Success
2018-04-30 16:26:22,463 - com.inmate.publicdefender.PublicDefender -INFO - LoggedIn Success
2018-04-30 16:28:10,835 - com.inmate.publicdefender.PublicDefender -INFO - LoggedIn Success
2018-04-30 16:28:25,842 - com.inmate.publicdefender.PublicDefender -INFO - Request searched Success
2018-04-30 16:28:44,410 - com.inmate.publicdefender.PublicDefender -INFO - Initiate message clicked Success
2018-04-30 16:28:59,682 - com.inmate.publicdefender.PublicDefender -INFO - Message searched Success
2018-04-30 16:28:59,683 - com.inmate.publicdefender.PublicDefender -INFO - Message searched Success
2018-04-30 18:47:01,288 - com.inmate.publicdefender.PublicDefender -INFO - LoggedIn Success
2018-04-30 18:49:19,006 - com.inmate.publicdefender.PublicDefender -INFO - Request searched Success
2018-04-30 18:50:42,262 - com.inmate.publicdefender.PublicDefender -INFO - LoggedIn Success
2018-04-30 18:50:51,928 - com.inmate.publicdefender.PublicDefender -INFO - Request searched Success
2018-04-30 18:51:42,920 - com.inmate.publicdefender.PublicDefender -INFO - LoggedIn Success
2018-04-30 18:51:52,375 - com.inmate.publicdefender.PublicDefender -INFO - Request searched Success
2018-04-30 18:51:55,502 - com.inmate.publicdefender.PublicDefender -INFO - Message To Inmate 1 clicked Success
2018-04-30 18:54:15,887 - com.inmate.publicdefender.PublicDefender -INFO - LoggedIn Success
2018-04-30 18:55:11,224 - com.inmate.publicdefender.PublicDefender -INFO - LoggedIn Success
2018-04-30 18:56:05,275 - com.inmate.publicdefender.PublicDefender -INFO - LoggedIn Success
2018-04-30 18:57:52,004 - com.inmate.publicdefender.PublicDefender -INFO - LoggedIn Success
2018-04-30 19:02:30,502 - com.inmate.publicdefender.PublicDefender -INFO - LoggedIn Success
2018-04-30 19:04:50,512 - com.inmate.publicdefender.PublicDefender -INFO - Request searched Success
2018-04-30 19:04:53,637 - com.inmate.publicdefender.PublicDefender -INFO - Message To Inmate 1 clicked Success
2018-05-11 14:47:34,807 - com.inmate.publicdefender.PublicDefender -INFO - LoggedIn Success
2018-05-11 17:24:35,317 - com.inmate.publicdefender.PublicDefender -INFO - LoggedIn Success
2018-05-14 15:46:08,277 - com.inmate.publicdefender.PublicDefender -INFO - LoggedIn Success
2018-05-14 15:46:20,670 - com.inmate.publicdefender.PublicDefender -INFO - Inmate searched Success
2018-05-14 15:48:51,544 - com.inmate.publicdefender.PublicDefender -INFO - LoggedIn Success
2018-05-14 15:49:02,250 - com.inmate.publicdefender.PublicDefender -INFO - Inmate searched Success
2018-05-14 15:50:20,073 - com.inmate.publicdefender.PublicDefender -INFO - public users searched Success
2018-05-14 15:52:11,513 - com.inmate.publicdefender.PublicDefender -INFO - LoggedIn Success
2018-05-14 15:52:22,890 - com.inmate.publicdefender.PublicDefender -INFO - Inmate searched Success
2018-05-14 15:54:28,018 - com.inmate.publicdefender.PublicDefender -INFO - LoggedIn Success
2018-05-14 15:54:38,701 - com.inmate.publicdefender.PublicDefender -INFO - Inmate searched Success
2018-05-14 15:56:47,317 - com.inmate.publicdefender.PublicDefender -INFO - LoggedIn Success
2018-05-14 15:56:57,542 - com.inmate.publicdefender.PublicDefender -INFO - Inmate searched Success
2018-05-14 16:00:42,780 - com.inmate.publicdefender.PublicDefender -INFO - LoggedIn Success
2018-05-14 16:00:54,424 - com.inmate.publicdefender.PublicDefender -INFO - Inmate searched Success
2018-05-14 16:02:57,417 - com.inmate.publicdefender.PublicDefender -INFO - LoggedIn Success
2018-05-14 16:03:07,972 - com.inmate.publicdefender.PublicDefender -INFO - Inmate searched Success
2018-05-14 16:04:23,866 - com.inmate.publicdefender.PublicDefender -INFO - LoggedIn Success
2018-05-14 16:04:34,202 - com.inmate.publicdefender.PublicDefender -INFO - Inmate searched Success
2018-05-14 16:05:26,557 - com.inmate.publicdefender.PublicDefender -INFO - LoggedIn Success
2018-05-14 16:05:36,720 - com.inmate.publicdefender.PublicDefender -INFO - Inmate searched Success
2018-05-14 16:08:34,616 - com.inmate.publicdefender.PublicDefender -INFO - LoggedIn Success
2018-05-14 16:08:46,651 - com.inmate.publicdefender.PublicDefender -INFO - Inmate searched Success
2018-05-14 16:11:03,741 - com.inmate.publicdefender.PublicDefender -INFO - LoggedIn Success
2018-05-14 16:11:18,088 - com.inmate.publicdefender.PublicDefender -INFO - Inmate searched Success
2018-05-14 16:11:46,932 - com.inmate.publicdefender.PublicDefender -INFO - Inmate Message translated Success
2018-05-14 16:12:12,617 - com.inmate.publicdefender.PublicDefender -INFO - LoggedIn Success
2018-05-14 16:12:22,833 - com.inmate.publicdefender.PublicDefender -INFO - Inmate searched Success
2018-05-14 16:12:50,954 - com.inmate.publicdefender.PublicDefender -INFO - Inmate Message translated Success
2018-05-14 16:13:01,202 - com.inmate.publicdefender.PublicDefender -INFO - photos searched Success
2018-05-14 16:14:45,754 - com.inmate.publicdefender.PublicDefender -INFO - LoggedIn Success
2018-05-14 16:14:57,120 - com.inmate.publicdefender.PublicDefender -INFO - Inmate searched Success
2018-05-14 16:15:22,861 - com.inmate.publicdefender.PublicDefender -INFO - Inmate Message translated Success
2018-05-14 16:15:26,789 - com.inmate.publicdefender.PublicDefender -INFO - photos searched Success
2018-05-14 16:16:30,629 - com.inmate.publicdefender.PublicDefender -INFO - LoggedIn Success
2018-05-14 16:16:46,505 - com.inmate.publicdefender.PublicDefender -INFO - public users searched Success
2018-05-14 16:17:36,607 - com.inmate.publicdefender.PublicDefender -INFO - public user message searched Success
2018-05-14 16:17:52,288 - com.inmate.publicdefender.PublicDefender -INFO - photos searched Success
2018-05-14 16:20:19,683 - com.inmate.publicdefender.PublicDefender -INFO - LoggedIn Success
2018-05-14 16:20:36,186 - com.inmate.publicdefender.PublicDefender -INFO - public users searched Success
2018-05-14 16:22:27,215 - com.inmate.publicdefender.PublicDefender -INFO - LoggedIn Success
2018-05-14 16:22:42,548 - com.inmate.publicdefender.PublicDefender -INFO - public users searched Success
2018-05-14 16:27:24,163 - com.inmate.publicdefender.PublicDefender -INFO - LoggedIn Success
2018-05-14 16:27:45,149 - com.inmate.publicdefender.PublicDefender -INFO - public users searched Success
2018-05-14 16:28:17,636 - com.inmate.publicdefender.PublicDefender -INFO - LoggedIn Success
2018-05-14 16:28:32,996 - com.inmate.publicdefender.PublicDefender -INFO - public users searched Success
2018-05-14 16:32:32,214 - com.inmate.publicdefender.PublicDefender -INFO - LoggedIn Success
2018-05-14 16:32:53,402 - com.inmate.publicdefender.PublicDefender -INFO - public users searched Success
2018-05-14 16:33:20,308 - com.inmate.publicdefender.PublicDefender -INFO - LoggedIn Success
2018-05-14 16:33:35,792 - com.inmate.publicdefender.PublicDefender -INFO - public users searched Success
2018-05-14 16:35:32,321 - com.inmate.publicdefender.PublicDefender -INFO - LoggedIn Success
2018-05-14 16:35:47,468 - com.inmate.publicdefender.PublicDefender -INFO - public users searched Success
2018-05-14 16:38:49,565 - com.inmate.publicdefender.PublicDefender -INFO - LoggedIn Success
2018-05-14 16:39:06,398 - com.inmate.publicdefender.PublicDefender -INFO - public users searched Success
2018-05-14 16:40:49,737 - com.inmate.publicdefender.PublicDefender -INFO - LoggedIn Success
2018-05-14 16:41:05,010 - com.inmate.publicdefender.PublicDefender -INFO - public users searched Success
2018-05-14 16:41:50,772 - com.inmate.publicdefender.PublicDefender -INFO - photos searched Success
2018-05-14 16:44:11,942 - com.inmate.publicdefender.PublicDefender -INFO - LoggedIn Success
2018-05-14 16:44:29,700 - com.inmate.publicdefender.PublicDefender -INFO - public users searched Success
2018-05-14 16:45:19,533 - com.inmate.publicdefender.PublicDefender -INFO - photos searched Success
2018-05-14 16:48:55,046 - com.inmate.publicdefender.PublicDefender -INFO - LoggedIn Success
2018-05-14 16:49:11,855 - com.inmate.publicdefender.PublicDefender -INFO - public users searched Success
2018-05-14 16:50:02,856 - com.inmate.publicdefender.PublicDefender -INFO - photos searched Success
2018-05-17 10:10:46,449 - com.inmate.publicdefender.PublicDefender -INFO - LoggedIn Success
2018-05-17 10:11:07,452 - com.inmate.publicdefender.PublicDefender -INFO - LoggedIn Success
2018-05-18 10:29:52,619 - com.inmate.publicdefender.PublicDefender -INFO - LoggedIn Success
2018-05-18 10:30:37,022 - com.inmate.publicdefender.PublicDefender -INFO - LoggedIn Success
2018-05-18 10:30:37,785 - com.inmate.publicdefender.PublicDefender -INFO - Initiate message Clicked
2018-05-18 10:31:14,128 - com.inmate.publicdefender.PublicDefender -INFO - Message searched Success
